Just reset all TD weights.
Just reset all TD weights.
*****> art_out.log
Input file is ART2.inp
Just reset all TD weights.
Just reset all TD weights.

Starting a learning cycle.
***
No.0 (of 10) in cycle is input pattern 0
F0 activity (W') has stabilized within 0.0000 after 3 cycles.

  Wp    Pp     Xp     Qp     Vp     Up
10.000  0.000  0.038  0.000  0.000  0.000
82.421  0.484  0.309  0.484  2.730  0.484
70.000  0.000  0.263  0.000  0.000  0.000
60.000  0.000  0.225  0.000  0.000  0.000
50.000  0.000  0.188  0.000  0.000  0.000
40.000  0.000  0.150  0.000  0.000  0.000
30.000  0.000  0.113  0.000  0.000  0.000
20.000  0.000  0.075  0.000  0.000  0.000
10.000  0.000  0.038  0.000  0.000  0.000
20.000  0.000  0.075  0.000  0.000  0.000
30.000  0.000  0.113  0.000  0.000  0.000
40.000  0.000  0.150  0.000  0.000  0.000
50.000  0.000  0.188  0.000  0.000  0.000
60.000  0.000  0.225  0.000  0.000  0.000
70.000  0.000  0.263  0.000  0.000  0.000
82.421  0.484  0.309  0.484  2.730  0.484
92.724  0.545  0.348  0.545  3.072  0.545
82.421  0.484  0.309  0.484  2.730  0.484
70.000  0.000  0.263  0.000  0.000  0.000
60.000  0.000  0.225  0.000  0.000  0.000
50.000  0.000  0.188  0.000  0.000  0.000
40.000  0.000  0.150  0.000  0.000  0.000
30.000  0.000  0.113  0.000  0.000  0.000
20.000  0.000  0.075  0.000  0.000  0.000
10.000  0.000  0.038  0.000  0.000  0.000


0) All F2 nodes are inactive! No category chosen.
0 Warning: }(Qp) = 1.0000  }(p) = 0.0000 }(u)=1.0000

0) L2_norm(R)=1.000

1) L2_norm(R)=1.000
2) 0 is resonating on F2 node 0

2) L2_norm(R)=1.000

3) L2_norm(R)=1.000

4) L2_norm(R)=1.000

5) L2_norm(R)=1.000

6) L2_norm(R)=1.000

7) L2_norm(R)=1.000

8) L2_norm(R)=1.000

9) L2_norm(R)=1.000
10) (BU,TD) vector LTM changes are (0.3709,0.0055)
20) (BU,TD) vector LTM changes are (0.3161,0.0047)
30) (BU,TD) vector LTM changes are (0.2693,0.0040)
40) (BU,TD) vector LTM changes are (0.2295,0.0034)
50) (BU,TD) vector LTM changes are (0.1956,0.0029)
60) (BU,TD) vector LTM changes are (0.1667,0.0025)
70) (BU,TD) vector LTM changes are (0.1420,0.0021)
80) (BU,TD) vector LTM changes are (0.1210,0.0018)
90) (BU,TD) vector LTM changes are (0.1031,0.0015)
100) (BU,TD) vector LTM changes are (0.0879,0.0013)
110) (BU,TD) vector LTM changes are (0.0749,0.0011)
120) (BU,TD) vector LTM changes are (0.0638,0.0009)
130) (BU,TD) vector LTM changes are (0.0544,0.0008)
140) (BU,TD) vector LTM changes are (0.0463,0.0007)
150) (BU,TD) vector LTM changes are (0.0395,0.0006)
160) (BU,TD) vector LTM changes are (0.0336,0.0005)
170) (BU,TD) vector LTM changes are (0.0287,0.0004)
180) (BU,TD) vector LTM changes are (0.0244,0.0004)
190) (BU,TD) vector LTM changes are (0.0208,0.0003)
200) (BU,TD) vector LTM changes are (0.0177,0.0003)
210) (BU,TD) vector LTM changes are (0.0151,0.0002)
220) (BU,TD) vector LTM changes are (0.0129,0.0002)
230) (BU,TD) vector LTM changes are (0.0110,0.0002)
F1 activity has stabilized within 0.001000 after 238 cycles.
   W      P      X      Q      V      U      R
0.000  0.000  0.000  0.000  0.000  0.000  0.000
2.905  2.377  0.484  0.484  2.905  0.484  0.484
0.000  0.000  0.000  0.000  0.000  0.000  0.000
0.000  0.000  0.000  0.000  0.000  0.000  0.000
0.000  0.000  0.000  0.000  0.000  0.000  0.000
0.000  0.000  0.000  0.000  0.000  0.000  0.000
0.000  0.000  0.000  0.000  0.000  0.000  0.000
0.000  0.000  0.000  0.000  0.000  0.000  0.000
0.000  0.000  0.000  0.000  0.000  0.000  0.000
0.000  0.000  0.000  0.000  0.000  0.000  0.000
0.000  0.000  0.000  0.000  0.000  0.000  0.000
0.000  0.000  0.000  0.000  0.000  0.000  0.000
0.000  0.000  0.000  0.000  0.000  0.000  0.000
0.000  0.000  0.000  0.000  0.000  0.000  0.000
0.000  0.000  0.000  0.000  0.000  0.000  0.000
2.905  2.377  0.484  0.484  2.905  0.484  0.484
3.268  2.674  0.545  0.545  3.268  0.545  0.545
2.905  2.377  0.484  0.484  2.905  0.484  0.484
0.000  0.000  0.000  0.000  0.000  0.000  0.000
0.000  0.000  0.000  0.000  0.000  0.000  0.000
0.000  0.000  0.000  0.000  0.000  0.000  0.000
0.000  0.000  0.000  0.000  0.000  0.000  0.000
0.000  0.000  0.000  0.000  0.000  0.000  0.000
0.000  0.000  0.000  0.000  0.000  0.000  0.000
0.000  0.000  0.000  0.000  0.000  0.000  0.000
*** F1 diff = 0.000118

***
No.1 (of 10) in cycle is input pattern 1
F0 activity (W') has stabilized within 0.0000 after 2 cycles.

  Wp    Pp     Xp     Qp     Vp     Up
10.000  0.000  0.035  0.000  0.000  0.000
80.000  0.000  0.279  0.000  0.000  0.000
74.000  0.000  0.258  0.000  0.000  0.000
67.000  0.000  0.234  0.000  0.000  0.000
59.000  0.000  0.206  0.000  0.000  0.000
50.000  0.000  0.174  0.000  0.000  0.000
40.000  0.000  0.139  0.000  0.000  0.000
29.000  0.000  0.101  0.000  0.000  0.000
17.000  0.000  0.059  0.000  0.000  0.000
29.000  0.000  0.101  0.000  0.000  0.000
40.000  0.000  0.139  0.000  0.000  0.000
50.000  0.000  0.174  0.000  0.000  0.000
59.000  0.000  0.206  0.000  0.000  0.000
67.000  0.000  0.234  0.000  0.000  0.000
74.000  0.000  0.258  0.000  0.000  0.000
80.000  0.000  0.279  0.000  0.000  0.000
85.000  0.000  0.296  0.000  0.000  0.000
80.000  0.000  0.279  0.000  0.000  0.000
74.000  0.000  0.258  0.000  0.000  0.000
67.000  0.000  0.234  0.000  0.000  0.000
59.000  0.000  0.206  0.000  0.000  0.000
50.000  0.000  0.174  0.000  0.000  0.000
40.000  0.000  0.139  0.000  0.000  0.000
29.000  0.000  0.101  0.000  0.000  0.000
17.000  0.000  0.059  0.000  0.000  0.000


0) All F2 nodes are inactive! No category chosen.
0 Warning: }(Qp) = 0.0000  }(p) = 0.0000 }(u)=0.0000

0) L2_norm(R)= nan

1) All F2 nodes are inactive! No category chosen.
1 Warning: }(Qp) = 0.0000  }(p) = 0.0000 }(u)=0.0000

1) L2_norm(R)= nan
F1 activity has stabilized within 0.001000 after 2 cycles.
   W      P      X      Q      V      U      R
0.000  0.000  0.000  0.000  0.000  0.000   nan
0.000  0.000  0.000  0.000  0.000  0.000   nan
0.000  0.000  0.000  0.000  0.000  0.000   nan
0.000  0.000  0.000  0.000  0.000  0.000   nan
0.000  0.000  0.000  0.000  0.000  0.000   nan
0.000  0.000  0.000  0.000  0.000  0.000   nan
0.000  0.000  0.000  0.000  0.000  0.000   nan
0.000  0.000  0.000  0.000  0.000  0.000   nan
0.000  0.000  0.000  0.000  0.000  0.000   nan
0.000  0.000  0.000  0.000  0.000  0.000   nan
0.000  0.000  0.000  0.000  0.000  0.000   nan
0.000  0.000  0.000  0.000  0.000  0.000   nan
0.000  0.000  0.000  0.000  0.000  0.000   nan
0.000  0.000  0.000  0.000  0.000  0.000   nan
0.000  0.000  0.000  0.000  0.000  0.000   nan
0.000  0.000  0.000  0.000  0.000  0.000   nan
0.000  0.000  0.000  0.000  0.000  0.000   nan
0.000  0.000  0.000  0.000  0.000  0.000   nan
0.000  0.000  0.000  0.000  0.000  0.000   nan
0.000  0.000  0.000  0.000  0.000  0.000   nan
0.000  0.000  0.000  0.000  0.000  0.000   nan
0.000  0.000  0.000  0.000  0.000  0.000   nan
0.000  0.000  0.000  0.000  0.000  0.000   nan
0.000  0.000  0.000  0.000  0.000  0.000   nan
0.000  0.000  0.000  0.000  0.000  0.000   nan
*** F1 diff = 0.000000

***
No.2 (of 10) in cycle is input pattern 2
F0 activity (W') has stabilized within 0.0000 after 2 cycles.

  Wp    Pp     Xp     Qp     Vp     Up
10.000  0.000  0.034  0.000  0.000  0.000
80.000  0.000  0.276  0.000  0.000  0.000
76.000  0.000  0.262  0.000  0.000  0.000
70.000  0.000  0.241  0.000  0.000  0.000
62.000  0.000  0.214  0.000  0.000  0.000
52.000  0.000  0.179  0.000  0.000  0.000
40.000  0.000  0.138  0.000  0.000  0.000
26.000  0.000  0.090  0.000  0.000  0.000
10.000  0.000  0.034  0.000  0.000  0.000
26.000  0.000  0.090  0.000  0.000  0.000
40.000  0.000  0.138  0.000  0.000  0.000
50.000  0.000  0.172  0.000  0.000  0.000
62.000  0.000  0.214  0.000  0.000  0.000
70.000  0.000  0.241  0.000  0.000  0.000
76.000  0.000  0.262  0.000  0.000  0.000
80.000  0.000  0.276  0.000  0.000  0.000
82.000  0.000  0.282  0.000  0.000  0.000
80.000  0.000  0.276  0.000  0.000  0.000
76.000  0.000  0.262  0.000  0.000  0.000
70.000  0.000  0.241  0.000  0.000  0.000
62.000  0.000  0.214  0.000  0.000  0.000
50.000  0.000  0.172  0.000  0.000  0.000
40.000  0.000  0.138  0.000  0.000  0.000
26.000  0.000  0.090  0.000  0.000  0.000
10.000  0.000  0.034  0.000  0.000  0.000


0) All F2 nodes are inactive! No category chosen.
0 Warning: }(Qp) = 0.0000  }(p) = 0.0000 }(u)=0.0000

0) L2_norm(R)= nan

1) All F2 nodes are inactive! No category chosen.
1 Warning: }(Qp) = 0.0000  }(p) = 0.0000 }(u)=0.0000

1) L2_norm(R)= nan
F1 activity has stabilized within 0.001000 after 2 cycles.
   W      P      X      Q      V      U      R
0.000  0.000  0.000  0.000  0.000  0.000   nan
0.000  0.000  0.000  0.000  0.000  0.000   nan
0.000  0.000  0.000  0.000  0.000  0.000   nan
0.000  0.000  0.000  0.000  0.000  0.000   nan
0.000  0.000  0.000  0.000  0.000  0.000   nan
0.000  0.000  0.000  0.000  0.000  0.000   nan
0.000  0.000  0.000  0.000  0.000  0.000   nan
0.000  0.000  0.000  0.000  0.000  0.000   nan
0.000  0.000  0.000  0.000  0.000  0.000   nan
0.000  0.000  0.000  0.000  0.000  0.000   nan
0.000  0.000  0.000  0.000  0.000  0.000   nan
0.000  0.000  0.000  0.000  0.000  0.000   nan
0.000  0.000  0.000  0.000  0.000  0.000   nan
0.000  0.000  0.000  0.000  0.000  0.000   nan
0.000  0.000  0.000  0.000  0.000  0.000   nan
0.000  0.000  0.000  0.000  0.000  0.000   nan
0.000  0.000  0.000  0.000  0.000  0.000   nan
0.000  0.000  0.000  0.000  0.000  0.000   nan
0.000  0.000  0.000  0.000  0.000  0.000   nan
0.000  0.000  0.000  0.000  0.000  0.000   nan
0.000  0.000  0.000  0.000  0.000  0.000   nan
0.000  0.000  0.000  0.000  0.000  0.000   nan
0.000  0.000  0.000  0.000  0.000  0.000   nan
0.000  0.000  0.000  0.000  0.000  0.000   nan
0.000  0.000  0.000  0.000  0.000  0.000   nan
*** F1 diff = 0.000000

***
No.3 (of 10) in cycle is input pattern 3
F0 activity (W') has stabilized within 0.0000 after 3 cycles.

  Wp    Pp     Xp     Qp     Vp     Up
10.000  0.000  0.036  0.000  0.000  0.000
62.000  0.000  0.221  0.000  0.000  0.000
87.766  0.553  0.312  0.553  3.078  0.553
94.994  0.599  0.338  0.599  3.332  0.599
75.000  0.000  0.267  0.000  0.000  0.000
82.000  0.000  0.292  0.000  0.000  0.000
74.000  0.000  0.263  0.000  0.000  0.000
62.000  0.000  0.221  0.000  0.000  0.000
64.000  0.000  0.228  0.000  0.000  0.000
74.000  0.000  0.263  0.000  0.000  0.000
91.896  0.579  0.327  0.579  3.223  0.579
74.000  0.000  0.263  0.000  0.000  0.000
63.000  0.000  0.224  0.000  0.000  0.000
24.000  0.000  0.085  0.000  0.000  0.000
35.000  0.000  0.125  0.000  0.000  0.000
22.000  0.000  0.078  0.000  0.000  0.000
22.000  0.000  0.078  0.000  0.000  0.000
24.000  0.000  0.085  0.000  0.000  0.000
39.000  0.000  0.139  0.000  0.000  0.000
36.000  0.000  0.128  0.000  0.000  0.000
25.000  0.000  0.089  0.000  0.000  0.000
28.000  0.000  0.100  0.000  0.000  0.000
23.000  0.000  0.082  0.000  0.000  0.000
22.000  0.000  0.078  0.000  0.000  0.000
23.000  0.000  0.082  0.000  0.000  0.000


0) All F2 nodes are inactive! No category chosen.
0 Warning: }(Qp) = 1.0000  }(p) = 0.0000 }(u)=1.0000

0) L2_norm(R)=1.000

1) L2_norm(R)=1.000
2) 3 is resonating on F2 node 1

2) L2_norm(R)=1.000

3) L2_norm(R)=1.000

4) L2_norm(R)=1.000

5) L2_norm(R)=1.000

6) L2_norm(R)=1.000

7) L2_norm(R)=1.000

8) L2_norm(R)=1.000

9) L2_norm(R)=1.000
10) (BU,TD) vector LTM changes are (0.3801,0.0048)
20) (BU,TD) vector LTM changes are (0.3239,0.0041)
30) (BU,TD) vector LTM changes are (0.2760,0.0035)
40) (BU,TD) vector LTM changes are (0.2352,0.0029)
50) (BU,TD) vector LTM changes are (0.2004,0.0025)
60) (BU,TD) vector LTM changes are (0.1708,0.0021)
70) (BU,TD) vector LTM changes are (0.1455,0.0018)
80) (BU,TD) vector LTM changes are (0.1240,0.0016)
90) (BU,TD) vector LTM changes are (0.1057,0.0013)
100) (BU,TD) vector LTM changes are (0.0901,0.0011)
110) (BU,TD) vector LTM changes are (0.0767,0.0010)
120) (BU,TD) vector LTM changes are (0.0654,0.0008)
130) (BU,TD) vector LTM changes are (0.0557,0.0007)
140) (BU,TD) vector LTM changes are (0.0475,0.0006)
150) (BU,TD) vector LTM changes are (0.0405,0.0005)
160) (BU,TD) vector LTM changes are (0.0345,0.0004)
170) (BU,TD) vector LTM changes are (0.0294,0.0004)
180) (BU,TD) vector LTM changes are (0.0250,0.0003)
190) (BU,TD) vector LTM changes are (0.0213,0.0003)
200) (BU,TD) vector LTM changes are (0.0182,0.0002)
210) (BU,TD) vector LTM changes are (0.0155,0.0002)
220) (BU,TD) vector LTM changes are (0.0132,0.0002)
230) (BU,TD) vector LTM changes are (0.0113,0.0001)
F1 activity has stabilized within 0.001000 after 240 cycles.
   W      P      X      Q      V      U      R
0.000  0.000  0.000  0.000  0.000  0.000  0.000
0.000  0.000  0.000  0.000  0.000  0.000  0.000
3.319  2.717  0.553  0.553  3.319  0.553  0.553
3.592  2.941  0.599  0.599  3.592  0.599  0.599
0.000  0.000  0.000  0.000  0.000  0.000  0.000
0.000  0.000  0.000  0.000  0.000  0.000  0.000
0.000  0.000  0.000  0.000  0.000  0.000  0.000
0.000  0.000  0.000  0.000  0.000  0.000  0.000
0.000  0.000  0.000  0.000  0.000  0.000  0.000
0.000  0.000  0.000  0.000  0.000  0.000  0.000
3.475  2.845  0.579  0.579  3.475  0.579  0.579
0.000  0.000  0.000  0.000  0.000  0.000  0.000
0.000  0.000  0.000  0.000  0.000  0.000  0.000
0.000  0.000  0.000  0.000  0.000  0.000  0.000
0.000  0.000  0.000  0.000  0.000  0.000  0.000
0.000  0.000  0.000  0.000  0.000  0.000  0.000
0.000  0.000  0.000  0.000  0.000  0.000  0.000
0.000  0.000  0.000  0.000  0.000  0.000  0.000
0.000  0.000  0.000  0.000  0.000  0.000  0.000
0.000  0.000  0.000  0.000  0.000  0.000  0.000
0.000  0.000  0.000  0.000  0.000  0.000  0.000
0.000  0.000  0.000  0.000  0.000  0.000  0.000
0.000  0.000  0.000  0.000  0.000  0.000  0.000
0.000  0.000  0.000  0.000  0.000  0.000  0.000
0.000  0.000  0.000  0.000  0.000  0.000  0.000
*** F1 diff = 0.000099

***
No.4 (of 10) in cycle is input pattern 4
F0 activity (W') has stabilized within 0.0000 after 2 cycles.

  Wp    Pp     Xp     Qp     Vp     Up
10.000  0.000  0.057  0.000  0.000  0.000
50.000  0.000  0.283  0.000  0.000  0.000
50.000  0.000  0.283  0.000  0.000  0.000
50.000  0.000  0.283  0.000  0.000  0.000
50.000  0.000  0.283  0.000  0.000  0.000
50.000  0.000  0.283  0.000  0.000  0.000
50.000  0.000  0.283  0.000  0.000  0.000
50.000  0.000  0.283  0.000  0.000  0.000
50.000  0.000  0.283  0.000  0.000  0.000
50.000  0.000  0.283  0.000  0.000  0.000
50.000  0.000  0.283  0.000  0.000  0.000
50.000  0.000  0.283  0.000  0.000  0.000
50.000  0.000  0.283  0.000  0.000  0.000
10.000  0.000  0.057  0.000  0.000  0.000
10.000  0.000  0.057  0.000  0.000  0.000
10.000  0.000  0.057  0.000  0.000  0.000
10.000  0.000  0.057  0.000  0.000  0.000
10.000  0.000  0.057  0.000  0.000  0.000
10.000  0.000  0.057  0.000  0.000  0.000
10.000  0.000  0.057  0.000  0.000  0.000
10.000  0.000  0.057  0.000  0.000  0.000
10.000  0.000  0.057  0.000  0.000  0.000
10.000  0.000  0.057  0.000  0.000  0.000
10.000  0.000  0.057  0.000  0.000  0.000
10.000  0.000  0.057  0.000  0.000  0.000


0) All F2 nodes are inactive! No category chosen.
0 Warning: }(Qp) = 0.0000  }(p) = 0.0000 }(u)=0.0000

0) L2_norm(R)= nan

1) All F2 nodes are inactive! No category chosen.
1 Warning: }(Qp) = 0.0000  }(p) = 0.0000 }(u)=0.0000

1) L2_norm(R)= nan
F1 activity has stabilized within 0.001000 after 2 cycles.
   W      P      X      Q      V      U      R
0.000  0.000  0.000  0.000  0.000  0.000   nan
0.000  0.000  0.000  0.000  0.000  0.000   nan
0.000  0.000  0.000  0.000  0.000  0.000   nan
0.000  0.000  0.000  0.000  0.000  0.000   nan
0.000  0.000  0.000  0.000  0.000  0.000   nan
0.000  0.000  0.000  0.000  0.000  0.000   nan
0.000  0.000  0.000  0.000  0.000  0.000   nan
0.000  0.000  0.000  0.000  0.000  0.000   nan
0.000  0.000  0.000  0.000  0.000  0.000   nan
0.000  0.000  0.000  0.000  0.000  0.000   nan
0.000  0.000  0.000  0.000  0.000  0.000   nan
0.000  0.000  0.000  0.000  0.000  0.000   nan
0.000  0.000  0.000  0.000  0.000  0.000   nan
0.000  0.000  0.000  0.000  0.000  0.000   nan
0.000  0.000  0.000  0.000  0.000  0.000   nan
0.000  0.000  0.000  0.000  0.000  0.000   nan
0.000  0.000  0.000  0.000  0.000  0.000   nan
0.000  0.000  0.000  0.000  0.000  0.000   nan
0.000  0.000  0.000  0.000  0.000  0.000   nan
0.000  0.000  0.000  0.000  0.000  0.000   nan
0.000  0.000  0.000  0.000  0.000  0.000   nan
0.000  0.000  0.000  0.000  0.000  0.000   nan
0.000  0.000  0.000  0.000  0.000  0.000   nan
0.000  0.000  0.000  0.000  0.000  0.000   nan
0.000  0.000  0.000  0.000  0.000  0.000   nan
*** F1 diff = 0.000000

***
No.5 (of 10) in cycle is input pattern 5
F0 activity (W') has stabilized within 0.0000 after 3 cycles.

  Wp    Pp     Xp     Qp     Vp     Up
10.000  0.000  0.050  0.000  0.000  0.000
82.543  0.509  0.415  0.509  2.958  0.509
77.384  0.477  0.389  0.477  2.773  0.477
72.225  0.445  0.363  0.445  2.588  0.445
67.066  0.413  0.337  0.413  2.403  0.413
61.907  0.381  0.311  0.381  2.218  0.381
55.000  0.000  0.277  0.000  0.000  0.000
50.000  0.000  0.251  0.000  0.000  0.000
45.000  0.000  0.226  0.000  0.000  0.000
40.000  0.000  0.201  0.000  0.000  0.000
35.000  0.000  0.176  0.000  0.000  0.000
30.000  0.000  0.151  0.000  0.000  0.000
25.000  0.000  0.126  0.000  0.000  0.000
10.000  0.000  0.050  0.000  0.000  0.000
10.000  0.000  0.050  0.000  0.000  0.000
10.000  0.000  0.050  0.000  0.000  0.000
10.000  0.000  0.050  0.000  0.000  0.000
10.000  0.000  0.050  0.000  0.000  0.000
10.000  0.000  0.050  0.000  0.000  0.000
10.000  0.000  0.050  0.000  0.000  0.000
10.000  0.000  0.050  0.000  0.000  0.000
10.000  0.000  0.050  0.000  0.000  0.000
10.000  0.000  0.050  0.000  0.000  0.000
10.000  0.000  0.050  0.000  0.000  0.000
10.000  0.000  0.050  0.000  0.000  0.000


0) All F2 nodes are inactive! No category chosen.
0 Warning: }(Qp) = 1.0000  }(p) = 0.0000 }(u)=1.0000

0) L2_norm(R)=1.000

1) L2_norm(R)=1.000
2) 5 is resonating on F2 node 1

2) L2_norm(R)=0.919

3) L2_norm(R)=0.887
3) input 5 caused a reset of node 1

1) All F2 nodes are inactive! No category chosen.
1 Warning: }(Qp) = 1.0000  }(p) = 0.0000 }(u)=1.0000

1) L2_norm(R)=1.000

2) L2_norm(R)=1.000

3) L2_norm(R)=1.000

4) L2_norm(R)=1.000

5) L2_norm(R)=1.000

6) L2_norm(R)=1.000

7) L2_norm(R)=1.000

8) L2_norm(R)=1.000

9) L2_norm(R)=1.000
10) (BU,TD) vector LTM changes are (0.3648,0.0062)
20) (BU,TD) vector LTM changes are (0.3109,0.0053)
30) (BU,TD) vector LTM changes are (0.2649,0.0045)
40) (BU,TD) vector LTM changes are (0.2258,0.0038)
50) (BU,TD) vector LTM changes are (0.1924,0.0033)
60) (BU,TD) vector LTM changes are (0.1639,0.0028)
70) (BU,TD) vector LTM changes are (0.1397,0.0024)
80) (BU,TD) vector LTM changes are (0.1190,0.0020)
90) (BU,TD) vector LTM changes are (0.1014,0.0017)
100) (BU,TD) vector LTM changes are (0.0864,0.0015)
110) (BU,TD) vector LTM changes are (0.0737,0.0013)
120) (BU,TD) vector LTM changes are (0.0628,0.0011)
130) (BU,TD) vector LTM changes are (0.0535,0.0009)
140) (BU,TD) vector LTM changes are (0.0456,0.0008)
150) (BU,TD) vector LTM changes are (0.0388,0.0007)
160) (BU,TD) vector LTM changes are (0.0331,0.0006)
170) (BU,TD) vector LTM changes are (0.0282,0.0005)
180) (BU,TD) vector LTM changes are (0.0240,0.0004)
190) (BU,TD) vector LTM changes are (0.0205,0.0003)
200) (BU,TD) vector LTM changes are (0.0175,0.0003)
210) (BU,TD) vector LTM changes are (0.0149,0.0003)
220) (BU,TD) vector LTM changes are (0.0127,0.0002)
230) (BU,TD) vector LTM changes are (0.0108,0.0002)
F1 activity has stabilized within 0.001000 after 237 cycles.
   W      P      X      Q      V      U      R
0.000  0.000  0.000  0.000  0.000  0.000  0.000
3.051  2.494  0.509  0.509  3.051  0.509  0.509
2.860  2.339  0.477  0.477  2.860  0.477  0.477
2.670  2.183  0.445  0.445  2.670  0.445  0.445
2.479  2.027  0.413  0.413  2.479  0.413  0.413
2.288  1.871  0.381  0.381  2.288  0.381  0.381
0.000  0.000  0.000  0.000  0.000  0.000  0.000
0.000  0.000  0.000  0.000  0.000  0.000  0.000
0.000  0.000  0.000  0.000  0.000  0.000  0.000
0.000  0.000  0.000  0.000  0.000  0.000  0.000
0.000  0.000  0.000  0.000  0.000  0.000  0.000
0.000  0.000  0.000  0.000  0.000  0.000  0.000
0.000  0.000  0.000  0.000  0.000  0.000  0.000
0.000  0.000  0.000  0.000  0.000  0.000  0.000
0.000  0.000  0.000  0.000  0.000  0.000  0.000
0.000  0.000  0.000  0.000  0.000  0.000  0.000
0.000  0.000  0.000  0.000  0.000  0.000  0.000
0.000  0.000  0.000  0.000  0.000  0.000  0.000
0.000  0.000  0.000  0.000  0.000  0.000  0.000
0.000  0.000  0.000  0.000  0.000  0.000  0.000
0.000  0.000  0.000  0.000  0.000  0.000  0.000
0.000  0.000  0.000  0.000  0.000  0.000  0.000
0.000  0.000  0.000  0.000  0.000  0.000  0.000
0.000  0.000  0.000  0.000  0.000  0.000  0.000
0.000  0.000  0.000  0.000  0.000  0.000  0.000
*** F1 diff = 0.000136

***
No.6 (of 10) in cycle is input pattern 6
F0 activity (W') has stabilized within 0.0000 after 3 cycles.

  Wp    Pp     Xp     Qp     Vp     Up
10.000  0.000  0.067  0.000  0.000  0.000
10.000  0.000  0.067  0.000  0.000  0.000
10.000  0.000  0.067  0.000  0.000  0.000
10.000  0.000  0.067  0.000  0.000  0.000
67.621  0.524  0.450  0.524  3.071  0.524
62.419  0.484  0.415  0.484  2.835  0.484
57.218  0.444  0.381  0.444  2.599  0.444
52.016  0.403  0.346  0.403  2.362  0.403
46.815  0.363  0.311  0.363  2.126  0.363
40.000  0.000  0.266  0.000  0.000  0.000
35.000  0.000  0.233  0.000  0.000  0.000
30.000  0.000  0.200  0.000  0.000  0.000
25.000  0.000  0.166  0.000  0.000  0.000
10.000  0.000  0.067  0.000  0.000  0.000
10.000  0.000  0.067  0.000  0.000  0.000
10.000  0.000  0.067  0.000  0.000  0.000
10.000  0.000  0.067  0.000  0.000  0.000
10.000  0.000  0.067  0.000  0.000  0.000
10.000  0.000  0.067  0.000  0.000  0.000
10.000  0.000  0.067  0.000  0.000  0.000
10.000  0.000  0.067  0.000  0.000  0.000
10.000  0.000  0.067  0.000  0.000  0.000
10.000  0.000  0.067  0.000  0.000  0.000
10.000  0.000  0.067  0.000  0.000  0.000
10.000  0.000  0.067  0.000  0.000  0.000


0) All F2 nodes are inactive! No category chosen.
0 Warning: }(Qp) = 1.0000  }(p) = 0.0000 }(u)=1.0000

0) L2_norm(R)=1.000

1) L2_norm(R)=1.000
2) 6 is resonating on F2 node 3

2) L2_norm(R)=1.000

3) L2_norm(R)=1.000

4) L2_norm(R)=1.000

5) L2_norm(R)=1.000

6) L2_norm(R)=1.000

7) L2_norm(R)=1.000

8) L2_norm(R)=1.000

9) L2_norm(R)=1.000
10) (BU,TD) vector LTM changes are (0.3586,0.0061)
20) (BU,TD) vector LTM changes are (0.3056,0.0052)
30) (BU,TD) vector LTM changes are (0.2604,0.0044)
40) (BU,TD) vector LTM changes are (0.2219,0.0038)
50) (BU,TD) vector LTM changes are (0.1891,0.0032)
60) (BU,TD) vector LTM changes are (0.1611,0.0027)
70) (BU,TD) vector LTM changes are (0.1373,0.0023)
80) (BU,TD) vector LTM changes are (0.1170,0.0020)
90) (BU,TD) vector LTM changes are (0.0997,0.0017)
100) (BU,TD) vector LTM changes are (0.0850,0.0014)
110) (BU,TD) vector LTM changes are (0.0724,0.0012)
120) (BU,TD) vector LTM changes are (0.0617,0.0010)
130) (BU,TD) vector LTM changes are (0.0526,0.0009)
140) (BU,TD) vector LTM changes are (0.0448,0.0008)
150) (BU,TD) vector LTM changes are (0.0382,0.0006)
160) (BU,TD) vector LTM changes are (0.0325,0.0006)
170) (BU,TD) vector LTM changes are (0.0277,0.0005)
180) (BU,TD) vector LTM changes are (0.0236,0.0004)
190) (BU,TD) vector LTM changes are (0.0201,0.0003)
200) (BU,TD) vector LTM changes are (0.0172,0.0003)
210) (BU,TD) vector LTM changes are (0.0146,0.0002)
220) (BU,TD) vector LTM changes are (0.0125,0.0002)
230) (BU,TD) vector LTM changes are (0.0106,0.0002)
F1 activity has stabilized within 0.001000 after 236 cycles.
   W      P      X      Q      V      U      R
0.000  0.000  0.000  0.000  0.000  0.000  0.000
0.000  0.000  0.000  0.000  0.000  0.000  0.000
0.000  0.000  0.000  0.000  0.000  0.000  0.000
0.000  0.000  0.000  0.000  0.000  0.000  0.000
3.145  2.571  0.524  0.524  3.145  0.524  0.524
2.903  2.374  0.484  0.484  2.903  0.484  0.484
2.661  2.176  0.444  0.444  2.661  0.444  0.444
2.419  1.978  0.403  0.403  2.419  0.403  0.403
2.177  1.780  0.363  0.363  2.177  0.363  0.363
0.000  0.000  0.000  0.000  0.000  0.000  0.000
0.000  0.000  0.000  0.000  0.000  0.000  0.000
0.000  0.000  0.000  0.000  0.000  0.000  0.000
0.000  0.000  0.000  0.000  0.000  0.000  0.000
0.000  0.000  0.000  0.000  0.000  0.000  0.000
0.000  0.000  0.000  0.000  0.000  0.000  0.000
0.000  0.000  0.000  0.000  0.000  0.000  0.000
0.000  0.000  0.000  0.000  0.000  0.000  0.000
0.000  0.000  0.000  0.000  0.000  0.000  0.000
0.000  0.000  0.000  0.000  0.000  0.000  0.000
0.000  0.000  0.000  0.000  0.000  0.000  0.000
0.000  0.000  0.000  0.000  0.000  0.000  0.000
0.000  0.000  0.000  0.000  0.000  0.000  0.000
0.000  0.000  0.000  0.000  0.000  0.000  0.000
0.000  0.000  0.000  0.000  0.000  0.000  0.000
0.000  0.000  0.000  0.000  0.000  0.000  0.000
*** F1 diff = 0.000135

***
No.7 (of 10) in cycle is input pattern 7
F0 activity (W') has stabilized within 0.0000 after 3 cycles.

  Wp    Pp     Xp     Qp     Vp     Up
10.000  0.000  0.094  0.000  0.000  0.000
10.000  0.000  0.094  0.000  0.000  0.000
95.000  1.000  0.889  1.000  5.889  1.000
10.000  0.000  0.094  0.000  0.000  0.000
10.000  0.000  0.094  0.000  0.000  0.000
10.000  0.000  0.094  0.000  0.000  0.000
10.000  0.000  0.094  0.000  0.000  0.000
10.000  0.000  0.094  0.000  0.000  0.000
10.000  0.000  0.094  0.000  0.000  0.000
10.000  0.000  0.094  0.000  0.000  0.000
10.000  0.000  0.094  0.000  0.000  0.000
10.000  0.000  0.094  0.000  0.000  0.000
10.000  0.000  0.094  0.000  0.000  0.000
10.000  0.000  0.094  0.000  0.000  0.000
10.000  0.000  0.094  0.000  0.000  0.000
10.000  0.000  0.094  0.000  0.000  0.000
10.000  0.000  0.094  0.000  0.000  0.000
10.000  0.000  0.094  0.000  0.000  0.000
10.000  0.000  0.094  0.000  0.000  0.000
10.000  0.000  0.094  0.000  0.000  0.000
10.000  0.000  0.094  0.000  0.000  0.000
10.000  0.000  0.094  0.000  0.000  0.000
10.000  0.000  0.094  0.000  0.000  0.000
10.000  0.000  0.094  0.000  0.000  0.000
10.000  0.000  0.094  0.000  0.000  0.000


0) All F2 nodes are inactive! No category chosen.
0 Warning: }(Qp) = 1.0000  }(p) = 0.0000 }(u)=1.0000

0) L2_norm(R)=1.000

1) L2_norm(R)=1.000
2) 7 is resonating on F2 node 2

2) L2_norm(R)=0.908

3) L2_norm(R)=0.881
3) input 7 caused a reset of node 2

1) All F2 nodes are inactive! No category chosen.
1 Warning: }(Qp) = 1.0000  }(p) = 0.0000 }(u)=1.0000

1) L2_norm(R)=1.000

2) L2_norm(R)=1.000

3) L2_norm(R)=1.000

4) L2_norm(R)=1.000

5) L2_norm(R)=1.000

6) L2_norm(R)=1.000

7) L2_norm(R)=1.000

8) L2_norm(R)=1.000

9) L2_norm(R)=1.000
10) (BU,TD) vector LTM changes are (0.3910,0.0028)
20) (BU,TD) vector LTM changes are (0.3332,0.0024)
30) (BU,TD) vector LTM changes are (0.2840,0.0020)
40) (BU,TD) vector LTM changes are (0.2420,0.0017)
50) (BU,TD) vector LTM changes are (0.2062,0.0015)
60) (BU,TD) vector LTM changes are (0.1757,0.0013)
70) (BU,TD) vector LTM changes are (0.1497,0.0011)
80) (BU,TD) vector LTM changes are (0.1276,0.0009)
90) (BU,TD) vector LTM changes are (0.1087,0.0008)
100) (BU,TD) vector LTM changes are (0.0926,0.0007)
110) (BU,TD) vector LTM changes are (0.0789,0.0006)
120) (BU,TD) vector LTM changes are (0.0673,0.0005)
130) (BU,TD) vector LTM changes are (0.0573,0.0004)
140) (BU,TD) vector LTM changes are (0.0489,0.0003)
150) (BU,TD) vector LTM changes are (0.0416,0.0003)
160) (BU,TD) vector LTM changes are (0.0355,0.0003)
170) (BU,TD) vector LTM changes are (0.0302,0.0002)
180) (BU,TD) vector LTM changes are (0.0258,0.0002)
190) (BU,TD) vector LTM changes are (0.0220,0.0002)
200) (BU,TD) vector LTM changes are (0.0187,0.0001)
210) (BU,TD) vector LTM changes are (0.0159,0.0001)
220) (BU,TD) vector LTM changes are (0.0136,0.0001)
230) (BU,TD) vector LTM changes are (0.0116,0.0001)
240) (BU,TD) vector LTM changes are (0.0099,0.0001)
F1 activity has stabilized within 0.001000 after 241 cycles.
   W      P      X      Q      V      U      R
0.000  0.000  0.000  0.000  0.000  0.000  0.000
0.000  0.000  0.000  0.000  0.000  0.000  0.000
6.000  4.911  1.000  1.000  6.000  1.000  1.000
0.000  0.000  0.000  0.000  0.000  0.000  0.000
0.000  0.000  0.000  0.000  0.000  0.000  0.000
0.000  0.000  0.000  0.000  0.000  0.000  0.000
0.000  0.000  0.000  0.000  0.000  0.000  0.000
0.000  0.000  0.000  0.000  0.000  0.000  0.000
0.000  0.000  0.000  0.000  0.000  0.000  0.000
0.000  0.000  0.000  0.000  0.000  0.000  0.000
0.000  0.000  0.000  0.000  0.000  0.000  0.000
0.000  0.000  0.000  0.000  0.000  0.000  0.000
0.000  0.000  0.000  0.000  0.000  0.000  0.000
0.000  0.000  0.000  0.000  0.000  0.000  0.000
0.000  0.000  0.000  0.000  0.000  0.000  0.000
0.000  0.000  0.000  0.000  0.000  0.000  0.000
0.000  0.000  0.000  0.000  0.000  0.000  0.000
0.000  0.000  0.000  0.000  0.000  0.000  0.000
0.000  0.000  0.000  0.000  0.000  0.000  0.000
0.000  0.000  0.000  0.000  0.000  0.000  0.000
0.000  0.000  0.000  0.000  0.000  0.000  0.000
0.000  0.000  0.000  0.000  0.000  0.000  0.000
0.000  0.000  0.000  0.000  0.000  0.000  0.000
0.000  0.000  0.000  0.000  0.000  0.000  0.000
0.000  0.000  0.000  0.000  0.000  0.000  0.000
*** F1 diff = 0.000057

***
No.8 (of 10) in cycle is input pattern 8
F0 activity (W') has stabilized within 0.0000 after 3 cycles.

  Wp    Pp     Xp     Qp     Vp     Up
10.000  0.000  0.078  0.000  0.000  0.000
10.000  0.000  0.078  0.000  0.000  0.000
52.184  0.437  0.407  0.437  2.591  0.437
93.932  0.786  0.732  0.786  4.664  0.786
52.184  0.437  0.407  0.437  2.591  0.437
10.000  0.000  0.078  0.000  0.000  0.000
10.000  0.000  0.078  0.000  0.000  0.000
10.000  0.000  0.078  0.000  0.000  0.000
10.000  0.000  0.078  0.000  0.000  0.000
10.000  0.000  0.078  0.000  0.000  0.000
10.000  0.000  0.078  0.000  0.000  0.000
10.000  0.000  0.078  0.000  0.000  0.000
10.000  0.000  0.078  0.000  0.000  0.000
10.000  0.000  0.078  0.000  0.000  0.000
10.000  0.000  0.078  0.000  0.000  0.000
10.000  0.000  0.078  0.000  0.000  0.000
10.000  0.000  0.078  0.000  0.000  0.000
10.000  0.000  0.078  0.000  0.000  0.000
10.000  0.000  0.078  0.000  0.000  0.000
10.000  0.000  0.078  0.000  0.000  0.000
10.000  0.000  0.078  0.000  0.000  0.000
10.000  0.000  0.078  0.000  0.000  0.000
10.000  0.000  0.078  0.000  0.000  0.000
10.000  0.000  0.078  0.000  0.000  0.000
10.000  0.000  0.078  0.000  0.000  0.000


0) All F2 nodes are inactive! No category chosen.
0 Warning: }(Qp) = 1.0000  }(p) = 0.0000 }(u)=1.0000

0) L2_norm(R)=1.000

1) L2_norm(R)=1.000
2) 8 is resonating on F2 node 4

2) L2_norm(R)=0.900

3) L2_norm(R)=0.860
3) input 8 caused a reset of node 4

1) All F2 nodes are inactive! No category chosen.
1 Warning: }(Qp) = 1.0000  }(p) = 0.0000 }(u)=1.0000

1) L2_norm(R)=1.000

2) L2_norm(R)=1.000

3) L2_norm(R)=1.000

4) L2_norm(R)=1.000

5) L2_norm(R)=1.000

6) L2_norm(R)=1.000

7) L2_norm(R)=1.000

8) L2_norm(R)=1.000

9) L2_norm(R)=1.000
10) (BU,TD) vector LTM changes are (0.3813,0.0046)
20) (BU,TD) vector LTM changes are (0.3249,0.0040)
30) (BU,TD) vector LTM changes are (0.2769,0.0034)
40) (BU,TD) vector LTM changes are (0.2359,0.0029)
50) (BU,TD) vector LTM changes are (0.2010,0.0024)
60) (BU,TD) vector LTM changes are (0.1713,0.0021)
70) (BU,TD) vector LTM changes are (0.1460,0.0018)
80) (BU,TD) vector LTM changes are (0.1244,0.0015)
90) (BU,TD) vector LTM changes are (0.1060,0.0013)
100) (BU,TD) vector LTM changes are (0.0903,0.0011)
110) (BU,TD) vector LTM changes are (0.0770,0.0009)
120) (BU,TD) vector LTM changes are (0.0656,0.0008)
130) (BU,TD) vector LTM changes are (0.0559,0.0007)
140) (BU,TD) vector LTM changes are (0.0476,0.0006)
150) (BU,TD) vector LTM changes are (0.0406,0.0005)
160) (BU,TD) vector LTM changes are (0.0346,0.0004)
170) (BU,TD) vector LTM changes are (0.0295,0.0004)
180) (BU,TD) vector LTM changes are (0.0251,0.0003)
190) (BU,TD) vector LTM changes are (0.0214,0.0003)
200) (BU,TD) vector LTM changes are (0.0182,0.0002)
210) (BU,TD) vector LTM changes are (0.0155,0.0002)
220) (BU,TD) vector LTM changes are (0.0132,0.0002)
230) (BU,TD) vector LTM changes are (0.0113,0.0001)
F1 activity has stabilized within 0.001000 after 240 cycles.
   W      P      X      Q      V      U      R
0.000  0.000  0.000  0.000  0.000  0.000  0.000
0.000  0.000  0.000  0.000  0.000  0.000  0.000
2.621  2.145  0.437  0.437  2.621  0.437  0.437
4.718  3.861  0.786  0.786  4.718  0.786  0.786
2.621  2.145  0.437  0.437  2.621  0.437  0.437
0.000  0.000  0.000  0.000  0.000  0.000  0.000
0.000  0.000  0.000  0.000  0.000  0.000  0.000
0.000  0.000  0.000  0.000  0.000  0.000  0.000
0.000  0.000  0.000  0.000  0.000  0.000  0.000
0.000  0.000  0.000  0.000  0.000  0.000  0.000
0.000  0.000  0.000  0.000  0.000  0.000  0.000
0.000  0.000  0.000  0.000  0.000  0.000  0.000
0.000  0.000  0.000  0.000  0.000  0.000  0.000
0.000  0.000  0.000  0.000  0.000  0.000  0.000
0.000  0.000  0.000  0.000  0.000  0.000  0.000
0.000  0.000  0.000  0.000  0.000  0.000  0.000
0.000  0.000  0.000  0.000  0.000  0.000  0.000
0.000  0.000  0.000  0.000  0.000  0.000  0.000
0.000  0.000  0.000  0.000  0.000  0.000  0.000
0.000  0.000  0.000  0.000  0.000  0.000  0.000
0.000  0.000  0.000  0.000  0.000  0.000  0.000
0.000  0.000  0.000  0.000  0.000  0.000  0.000
0.000  0.000  0.000  0.000  0.000  0.000  0.000
0.000  0.000  0.000  0.000  0.000  0.000  0.000
0.000  0.000  0.000  0.000  0.000  0.000  0.000
*** F1 diff = 0.000097

***
No.9 (of 10) in cycle is input pattern 9
F0 activity (W') has stabilized within 0.0000 after 2 cycles.

  Wp    Pp     Xp     Qp     Vp     Up
10.000  0.000  0.128  0.000  0.000  0.000
20.000  0.000  0.256  0.000  0.000  0.000
20.000  0.000  0.256  0.000  0.000  0.000
20.000  0.000  0.256  0.000  0.000  0.000
20.000  0.000  0.256  0.000  0.000  0.000
20.000  0.000  0.256  0.000  0.000  0.000
20.000  0.000  0.256  0.000  0.000  0.000
20.000  0.000  0.256  0.000  0.000  0.000
20.000  0.000  0.256  0.000  0.000  0.000
20.000  0.000  0.256  0.000  0.000  0.000
20.000  0.000  0.256  0.000  0.000  0.000
20.000  0.000  0.256  0.000  0.000  0.000
20.000  0.000  0.256  0.000  0.000  0.000
10.000  0.000  0.128  0.000  0.000  0.000
10.000  0.000  0.128  0.000  0.000  0.000
10.000  0.000  0.128  0.000  0.000  0.000
10.000  0.000  0.128  0.000  0.000  0.000
10.000  0.000  0.128  0.000  0.000  0.000
10.000  0.000  0.128  0.000  0.000  0.000
10.000  0.000  0.128  0.000  0.000  0.000
10.000  0.000  0.128  0.000  0.000  0.000
10.000  0.000  0.128  0.000  0.000  0.000
10.000  0.000  0.128  0.000  0.000  0.000
10.000  0.000  0.128  0.000  0.000  0.000
10.000  0.000  0.128  0.000  0.000  0.000


0) All F2 nodes are inactive! No category chosen.
0 Warning: }(Qp) = 0.0000  }(p) = 0.0000 }(u)=0.0000

0) L2_norm(R)= nan

1) All F2 nodes are inactive! No category chosen.
1 Warning: }(Qp) = 0.0000  }(p) = 0.0000 }(u)=0.0000

1) L2_norm(R)= nan
F1 activity has stabilized within 0.001000 after 2 cycles.
   W      P      X      Q      V      U      R
0.000  0.000  0.000  0.000  0.000  0.000   nan
0.000  0.000  0.000  0.000  0.000  0.000   nan
0.000  0.000  0.000  0.000  0.000  0.000   nan
0.000  0.000  0.000  0.000  0.000  0.000   nan
0.000  0.000  0.000  0.000  0.000  0.000   nan
0.000  0.000  0.000  0.000  0.000  0.000   nan
0.000  0.000  0.000  0.000  0.000  0.000   nan
0.000  0.000  0.000  0.000  0.000  0.000   nan
0.000  0.000  0.000  0.000  0.000  0.000   nan
0.000  0.000  0.000  0.000  0.000  0.000   nan
0.000  0.000  0.000  0.000  0.000  0.000   nan
0.000  0.000  0.000  0.000  0.000  0.000   nan
0.000  0.000  0.000  0.000  0.000  0.000   nan
0.000  0.000  0.000  0.000  0.000  0.000   nan
0.000  0.000  0.000  0.000  0.000  0.000   nan
0.000  0.000  0.000  0.000  0.000  0.000   nan
0.000  0.000  0.000  0.000  0.000  0.000   nan
0.000  0.000  0.000  0.000  0.000  0.000   nan
0.000  0.000  0.000  0.000  0.000  0.000   nan
0.000  0.000  0.000  0.000  0.000  0.000   nan
0.000  0.000  0.000  0.000  0.000  0.000   nan
0.000  0.000  0.000  0.000  0.000  0.000   nan
0.000  0.000  0.000  0.000  0.000  0.000   nan
0.000  0.000  0.000  0.000  0.000  0.000   nan
0.000  0.000  0.000  0.000  0.000  0.000   nan
*** F1 diff = 0.000000

Pattern 0 is coded at F2 node 0
Pattern 1 is coded at F2 node -1
Pattern 2 is coded at F2 node -1
Pattern 3 is coded at F2 node 1
Pattern 4 is coded at F2 node -1
Pattern 5 is coded at F2 node 2
Pattern 6 is coded at F2 node 3
Pattern 7 is coded at F2 node 4
Pattern 8 is coded at F2 node 5
Pattern 9 is coded at F2 node -1

